[0.243s] Invoking command in '/home/ammg-admin/ros2_ws/src/algoryx_project_py': CONDA_PROMPT_MODIFIER=(base) PYTHONPATH=/home/ammg-admin/ros2_ws/build/algoryx_project_py/prefix_override:/usr/lib/python3/dist-packages/colcon_core/task/python/colcon_distutils_commands:/home/ammg-admin/ros2_ws/install/algoryx_project_py/lib/python3.10/site-packages:${PYTHONPATH} /usr/bin/python3 -W ignore:setup.py install is deprecated setup.py egg_info --egg-base ../../build/algoryx_project_py build --build-base /home/ammg-admin/ros2_ws/build/algoryx_project_py/build install --record /home/ammg-admin/ros2_ws/build/algoryx_project_py/install.log --single-version-externally-managed install_data
[0.336s] running egg_info
[0.337s] creating ../../build/algoryx_project_py/algoryx_project_py.egg-info
[0.337s] writing ../../build/algoryx_project_py/algoryx_project_py.egg-info/PKG-INFO
[0.337s] writing dependency_links to ../../build/algoryx_project_py/algoryx_project_py.egg-info/dependency_links.txt
[0.337s] writing entry points to ../../build/algoryx_project_py/algoryx_project_py.egg-info/entry_points.txt
[0.337s] writing requirements to ../../build/algoryx_project_py/algoryx_project_py.egg-info/requires.txt
[0.337s] writing top-level names to ../../build/algoryx_project_py/algoryx_project_py.egg-info/top_level.txt
[0.337s] writing manifest file '../../build/algoryx_project_py/algoryx_project_py.egg-info/SOURCES.txt'
[0.338s] reading manifest file '../../build/algoryx_project_py/algoryx_project_py.egg-info/SOURCES.txt'
[0.338s] writing manifest file '../../build/algoryx_project_py/algoryx_project_py.egg-info/SOURCES.txt'
[0.338s] running build
[0.338s] running build_py
[0.338s] creating /home/ammg-admin/ros2_ws/build/algoryx_project_py/build
[0.338s] creating /home/ammg-admin/ros2_ws/build/algoryx_project_py/build/lib
[0.338s] creating /home/ammg-admin/ros2_ws/build/algoryx_project_py/build/lib/algoryx_project_py
[0.338s] copying algoryx_project_py/__init__.py -> /home/ammg-admin/ros2_ws/build/algoryx_project_py/build/lib/algoryx_project_py
[0.338s] running install
[0.338s] running install_lib
[0.338s] creating /home/ammg-admin/ros2_ws/install/algoryx_project_py/lib/python3.10/site-packages/algoryx_project_py
[0.338s] copying /home/ammg-admin/ros2_ws/build/algoryx_project_py/build/lib/algoryx_project_py/__init__.py -> /home/ammg-admin/ros2_ws/install/algoryx_project_py/lib/python3.10/site-packages/algoryx_project_py
[0.339s] byte-compiling /home/ammg-admin/ros2_ws/install/algoryx_project_py/lib/python3.10/site-packages/algoryx_project_py/__init__.py to __init__.cpython-310.pyc
[0.339s] running install_data
[0.339s] creating /home/ammg-admin/ros2_ws/install/algoryx_project_py/share/ament_index
[0.339s] creating /home/ammg-admin/ros2_ws/install/algoryx_project_py/share/ament_index/resource_index
[0.339s] creating /home/ammg-admin/ros2_ws/install/algoryx_project_py/share/ament_index/resource_index/packages
[0.339s] copying resource/algoryx_project_py -> /home/ammg-admin/ros2_ws/install/algoryx_project_py/share/ament_index/resource_index/packages
[0.339s] copying package.xml -> /home/ammg-admin/ros2_ws/install/algoryx_project_py/share/algoryx_project_py
[0.339s] running install_egg_info
[0.340s] Copying ../../build/algoryx_project_py/algoryx_project_py.egg-info to /home/ammg-admin/ros2_ws/install/algoryx_project_py/lib/python3.10/site-packages/algoryx_project_py-0.0.0-py3.10.egg-info
[0.340s] running install_scripts
[0.349s] writing list of installed files to '/home/ammg-admin/ros2_ws/build/algoryx_project_py/install.log'
[0.360s] Invoked command in '/home/ammg-admin/ros2_ws/src/algoryx_project_py' returned '0': CONDA_PROMPT_MODIFIER=(base) PYTHONPATH=/home/ammg-admin/ros2_ws/build/algoryx_project_py/prefix_override:/usr/lib/python3/dist-packages/colcon_core/task/python/colcon_distutils_commands:/home/ammg-admin/ros2_ws/install/algoryx_project_py/lib/python3.10/site-packages:${PYTHONPATH} /usr/bin/python3 -W ignore:setup.py install is deprecated setup.py egg_info --egg-base ../../build/algoryx_project_py build --build-base /home/ammg-admin/ros2_ws/build/algoryx_project_py/build install --record /home/ammg-admin/ros2_ws/build/algoryx_project_py/install.log --single-version-externally-managed install_data
